
The following have been reloaded with a version change:
  1) python/3.6 => python/3.7

WARNING:tensorflow:From /home/collins/.local/lib/python3.7/site-packages/tensorflow_core/python/compat/v2_compat.py:88: disable_resource_variables (from tensorflow.python.ops.variable_scope) is deprecated and will be removed in a future version.
Instructions for updating:
non-resource variables are not supported in the long term
WARNING:tensorflow:From /home/collins/Param_test/antennalLobe.py:255: to_int32 (from tensorflow.python.ops.math_ops) is deprecated and will be removed in a future version.
Instructions for updating:
Use `tf.cast` instead.
2020-04-05 12:52:40.813197: I tensorflow/core/platform/cpu_feature_guard.cc:142] Your CPU supports instructions that this TensorFlow binary was not compiled to use: AVX2 AVX512F FMA
2020-04-05 12:52:40.821087: I tensorflow/core/platform/profile_utils/cpu_utils.cc:94] CPU Frequency: 2900000000 Hz
2020-04-05 12:52:40.823946: I tensorflow/compiler/xla/service/service.cc:168] XLA service 0x55885aabbf60 initialized for platform Host (this does not guarantee that XLA will be used). Devices:
2020-04-05 12:52:40.823992: I tensorflow/compiler/xla/service/service.cc:176]   StreamExecutor device (0): Host, Default Version
WARNING:tensorflow:From /home/collins/.local/lib/python3.7/site-packages/tensorflow_core/python/compat/v2_compat.py:88: disable_resource_variables (from tensorflow.python.ops.variable_scope) is deprecated and will be removed in a future version.
Instructions for updating:
non-resource variables are not supported in the long term
WARNING:tensorflow:From /home/collins/Param_test/antennalLobe.py:255: to_int32 (from tensorflow.python.ops.math_ops) is deprecated and will be removed in a future version.
Instructions for updating:
Use `tf.cast` instead.
2020-04-05 12:57:16.480886: I tensorflow/core/platform/cpu_feature_guard.cc:142] Your CPU supports instructions that this TensorFlow binary was not compiled to use: AVX2 AVX512F FMA
2020-04-05 12:57:16.489429: I tensorflow/core/platform/profile_utils/cpu_utils.cc:94] CPU Frequency: 2900000000 Hz
2020-04-05 12:57:16.491438: I tensorflow/compiler/xla/service/service.cc:168] XLA service 0x556b12a383b0 initialized for platform Host (this does not guarantee that XLA will be used). Devices:
2020-04-05 12:57:16.491485: I tensorflow/compiler/xla/service/service.cc:176]   StreamExecutor device (0): Host, Default Version
WARNING:tensorflow:From /home/collins/.local/lib/python3.7/site-packages/tensorflow_core/python/compat/v2_compat.py:88: disable_resource_variables (from tensorflow.python.ops.variable_scope) is deprecated and will be removed in a future version.
Instructions for updating:
non-resource variables are not supported in the long term
WARNING:tensorflow:From /home/collins/Param_test/antennalLobe.py:255: to_int32 (from tensorflow.python.ops.math_ops) is deprecated and will be removed in a future version.
Instructions for updating:
Use `tf.cast` instead.
2020-04-05 13:02:07.716197: I tensorflow/core/platform/cpu_feature_guard.cc:142] Your CPU supports instructions that this TensorFlow binary was not compiled to use: AVX2 AVX512F FMA
2020-04-05 13:02:07.724030: I tensorflow/core/platform/profile_utils/cpu_utils.cc:94] CPU Frequency: 2900000000 Hz
2020-04-05 13:02:07.726270: I tensorflow/compiler/xla/service/service.cc:168] XLA service 0x560de2cc1ec0 initialized for platform Host (this does not guarantee that XLA will be used). Devices:
2020-04-05 13:02:07.726316: I tensorflow/compiler/xla/service/service.cc:176]   StreamExecutor device (0): Host, Default Version
WARNING:tensorflow:From /home/collins/.local/lib/python3.7/site-packages/tensorflow_core/python/compat/v2_compat.py:88: disable_resource_variables (from tensorflow.python.ops.variable_scope) is deprecated and will be removed in a future version.
Instructions for updating:
non-resource variables are not supported in the long term
WARNING:tensorflow:From /home/collins/Param_test/antennalLobe.py:255: to_int32 (from tensorflow.python.ops.math_ops) is deprecated and will be removed in a future version.
Instructions for updating:
Use `tf.cast` instead.
2020-04-05 13:07:14.551449: I tensorflow/core/platform/cpu_feature_guard.cc:142] Your CPU supports instructions that this TensorFlow binary was not compiled to use: AVX2 AVX512F FMA
2020-04-05 13:07:14.560301: I tensorflow/core/platform/profile_utils/cpu_utils.cc:94] CPU Frequency: 2900000000 Hz
2020-04-05 13:07:14.562662: I tensorflow/compiler/xla/service/service.cc:168] XLA service 0x555ce5b746c0 initialized for platform Host (this does not guarantee that XLA will be used). Devices:
2020-04-05 13:07:14.562709: I tensorflow/compiler/xla/service/service.cc:176]   StreamExecutor device (0): Host, Default Version
WARNING:tensorflow:From /home/collins/.local/lib/python3.7/site-packages/tensorflow_core/python/compat/v2_compat.py:88: disable_resource_variables (from tensorflow.python.ops.variable_scope) is deprecated and will be removed in a future version.
Instructions for updating:
non-resource variables are not supported in the long term
WARNING:tensorflow:From /home/collins/Param_test/antennalLobe.py:255: to_int32 (from tensorflow.python.ops.math_ops) is deprecated and will be removed in a future version.
Instructions for updating:
Use `tf.cast` instead.
2020-04-05 13:12:31.091508: I tensorflow/core/platform/cpu_feature_guard.cc:142] Your CPU supports instructions that this TensorFlow binary was not compiled to use: AVX2 AVX512F FMA
2020-04-05 13:12:31.100195: I tensorflow/core/platform/profile_utils/cpu_utils.cc:94] CPU Frequency: 2900000000 Hz
2020-04-05 13:12:31.102965: I tensorflow/compiler/xla/service/service.cc:168] XLA service 0x559468d18910 initialized for platform Host (this does not guarantee that XLA will be used). Devices:
2020-04-05 13:12:31.103011: I tensorflow/compiler/xla/service/service.cc:176]   StreamExecutor device (0): Host, Default Version
WARNING:tensorflow:From /home/collins/.local/lib/python3.7/site-packages/tensorflow_core/python/compat/v2_compat.py:88: disable_resource_variables (from tensorflow.python.ops.variable_scope) is deprecated and will be removed in a future version.
Instructions for updating:
non-resource variables are not supported in the long term
WARNING:tensorflow:From /home/collins/Param_test/antennalLobe.py:255: to_int32 (from tensorflow.python.ops.math_ops) is deprecated and will be removed in a future version.
Instructions for updating:
Use `tf.cast` instead.
2020-04-05 13:17:55.415468: I tensorflow/core/platform/cpu_feature_guard.cc:142] Your CPU supports instructions that this TensorFlow binary was not compiled to use: AVX2 AVX512F FMA
2020-04-05 13:17:55.424601: I tensorflow/core/platform/profile_utils/cpu_utils.cc:94] CPU Frequency: 2900000000 Hz
2020-04-05 13:17:55.427307: I tensorflow/compiler/xla/service/service.cc:168] XLA service 0x55a68febc120 initialized for platform Host (this does not guarantee that XLA will be used). Devices:
2020-04-05 13:17:55.427357: I tensorflow/compiler/xla/service/service.cc:176]   StreamExecutor device (0): Host, Default Version
