Traceback (most recent call last):
  File "/home/collins/Param_test/initExperiment.py", line 51, in <module>
    call(['python','/home/collins/Param_test/antennalLobe.py',str(i), locust_path, protocol_path, sys.argv[5], folder, sys.argv[6]])
  File "/home/apps/anaconda3/lib/python3.7/subprocess.py", line 323, in call
    with Popen(*popenargs, **kwargs) as p:
  File "/home/apps/anaconda3/lib/python3.7/subprocess.py", line 775, in __init__
    restore_signals, start_new_session)
  File "/home/apps/anaconda3/lib/python3.7/subprocess.py", line 1453, in _execute_child
    restore_signals, start_new_session, preexec_fn)
OSError: [Errno 12] Cannot allocate memory
srun: error: cn168: task 40: Exited with exit code 1
Traceback (most recent call last):
  File "/home/collins/Param_test/initExperiment.py", line 51, in <module>
    call(['python','/home/collins/Param_test/antennalLobe.py',str(i), locust_path, protocol_path, sys.argv[5], folder, sys.argv[6]])
  File "/home/apps/anaconda3/lib/python3.7/subprocess.py", line 323, in call
    with Popen(*popenargs, **kwargs) as p:
  File "/home/apps/anaconda3/lib/python3.7/subprocess.py", line 775, in __init__
    restore_signals, start_new_session)
  File "/home/apps/anaconda3/lib/python3.7/subprocess.py", line 1453, in _execute_child
    restore_signals, start_new_session, preexec_fn)
OSError: [Errno 12] Cannot allocate memory
srun: error: cn168: task 19: Exited with exit code 1
WARNING:tensorflow:From /home/collins/.local/lib/python3.7/site-packages/tensorflow_core/python/compat/v2_compat.py:88: disable_resource_variables (from tensorflow.python.ops.variable_scope) is deprecated and will be removed in a future version.
Instructions for updating:
non-resource variables are not supported in the long term
WARNING:tensorflow:From /home/collins/.local/lib/python3.7/site-packages/tensorflow_core/python/compat/v2_compat.py:88: disable_resource_variables (from tensorflow.python.ops.variable_scope) is deprecated and will be removed in a future version.
Instructions for updating:
non-resource variables are not supported in the long term
WARNING:tensorflow:From /home/collins/.local/lib/python3.7/site-packages/tensorflow_core/python/compat/v2_compat.py:88: disable_resource_variables (from tensorflow.python.ops.variable_scope) is deprecated and will be removed in a future version.
Instructions for updating:
non-resource variables are not supported in the long term
WARNING:tensorflow:From /home/collins/.local/lib/python3.7/site-packages/tensorflow_core/python/compat/v2_compat.py:88: disable_resource_variables (from tensorflow.python.ops.variable_scope) is deprecated and will be removed in a future version.
Instructions for updating:
non-resource variables are not supported in the long term
WARNING:tensorflow:From /home/collins/.local/lib/python3.7/site-packages/tensorflow_core/python/compat/v2_compat.py:88: disable_resource_variables (from tensorflow.python.ops.variable_scope) is deprecated and will be removed in a future version.
Instructions for updating:
non-resource variables are not supported in the long term
WARNING:tensorflow:From /home/collins/.local/lib/python3.7/site-packages/tensorflow_core/python/compat/v2_compat.py:88: disable_resource_variables (from tensorflow.python.ops.variable_scope) is deprecated and will be removed in a future version.
Instructions for updating:
non-resource variables are not supported in the long term
WARNING:tensorflow:From /home/collins/.local/lib/python3.7/site-packages/tensorflow_core/python/compat/v2_compat.py:88: disable_resource_variables (from tensorflow.python.ops.variable_scope) is deprecated and will be removed in a future version.
Instructions for updating:
non-resource variables are not supported in the long term
WARNING:tensorflow:From /home/collins/.local/lib/python3.7/site-packages/tensorflow_core/python/compat/v2_compat.py:88: disable_resource_variables (from tensorflow.python.ops.variable_scope) is deprecated and will be removed in a future version.
Instructions for updating:
non-resource variables are not supported in the long term
WARNING:tensorflow:From /home/collins/.local/lib/python3.7/site-packages/tensorflow_core/python/compat/v2_compat.py:88: disable_resource_variables (from tensorflow.python.ops.variable_scope) is deprecated and will be removed in a future version.
Instructions for updating:
non-resource variables are not supported in the long term
terminate called after throwing an instance of 'std::bad_alloc'
  what():  std::bad_alloc
WARNING:tensorflow:From /home/collins/Param_test/antennalLobe.py:255: to_int32 (from tensorflow.python.ops.math_ops) is deprecated and will be removed in a future version.
Instructions for updating:
Use `tf.cast` instead.
WARNING:tensorflow:From /home/collins/Param_test/antennalLobe.py:255: to_int32 (from tensorflow.python.ops.math_ops) is deprecated and will be removed in a future version.
Instructions for updating:
Use `tf.cast` instead.
WARNING:tensorflow:From /home/collins/Param_test/antennalLobe.py:255: to_int32 (from tensorflow.python.ops.math_ops) is deprecated and will be removed in a future version.
Instructions for updating:
Use `tf.cast` instead.
WARNING:tensorflow:From /home/collins/Param_test/antennalLobe.py:255: to_int32 (from tensorflow.python.ops.math_ops) is deprecated and will be removed in a future version.
Instructions for updating:
Use `tf.cast` instead.
WARNING:tensorflow:From /home/collins/Param_test/antennalLobe.py:255: to_int32 (from tensorflow.python.ops.math_ops) is deprecated and will be removed in a future version.
Instructions for updating:
Use `tf.cast` instead.
WARNING:tensorflow:From /home/collins/Param_test/antennalLobe.py:255: to_int32 (from tensorflow.python.ops.math_ops) is deprecated and will be removed in a future version.
Instructions for updating:
Use `tf.cast` instead.
WARNING:tensorflow:From /home/collins/Param_test/antennalLobe.py:255: to_int32 (from tensorflow.python.ops.math_ops) is deprecated and will be removed in a future version.
Instructions for updating:
Use `tf.cast` instead.
WARNING:tensorflow:From /home/collins/Param_test/antennalLobe.py:255: to_int32 (from tensorflow.python.ops.math_ops) is deprecated and will be removed in a future version.
Instructions for updating:
Use `tf.cast` instead.
WARNING:tensorflow:From /home/collins/.local/lib/python3.7/site-packages/tensorflow_core/python/compat/v2_compat.py:88: disable_resource_variables (from tensorflow.python.ops.variable_scope) is deprecated and will be removed in a future version.
Instructions for updating:
non-resource variables are not supported in the long term
WARNING:tensorflow:From /home/collins/.local/lib/python3.7/site-packages/tensorflow_core/python/compat/v2_compat.py:88: disable_resource_variables (from tensorflow.python.ops.variable_scope) is deprecated and will be removed in a future version.
Instructions for updating:
non-resource variables are not supported in the long term
WARNING:tensorflow:From /home/collins/.local/lib/python3.7/site-packages/tensorflow_core/python/compat/v2_compat.py:88: disable_resource_variables (from tensorflow.python.ops.variable_scope) is deprecated and will be removed in a future version.
Instructions for updating:
non-resource variables are not supported in the long term
WARNING:tensorflow:From /home/collins/.local/lib/python3.7/site-packages/tensorflow_core/python/compat/v2_compat.py:88: disable_resource_variables (from tensorflow.python.ops.variable_scope) is deprecated and will be removed in a future version.
Instructions for updating:
non-resource variables are not supported in the long term
terminate called after throwing an instance of 'std::bad_alloc'
  what():  std::bad_alloc
terminate called after throwing an instance of 'std::bad_alloc'
  what():  std::bad_alloc
terminate called after throwing an instance of 'std::bad_alloc'
  what():  std::bad_alloc
WARNING:tensorflow:From /home/collins/.local/lib/python3.7/site-packages/tensorflow_core/python/compat/v2_compat.py:88: disable_resource_variables (from tensorflow.python.ops.variable_scope) is deprecated and will be removed in a future version.
Instructions for updating:
non-resource variables are not supported in the long term
WARNING:tensorflow:From /home/collins/.local/lib/python3.7/site-packages/tensorflow_core/python/compat/v2_compat.py:88: disable_resource_variables (from tensorflow.python.ops.variable_scope) is deprecated and will be removed in a future version.
Instructions for updating:
non-resource variables are not supported in the long term
WARNING:tensorflow:From /home/collins/Param_test/antennalLobe.py:255: to_int32 (from tensorflow.python.ops.math_ops) is deprecated and will be removed in a future version.
Instructions for updating:
Use `tf.cast` instead.
WARNING:tensorflow:From /home/collins/Param_test/antennalLobe.py:255: to_int32 (from tensorflow.python.ops.math_ops) is deprecated and will be removed in a future version.
Instructions for updating:
Use `tf.cast` instead.
WARNING:tensorflow:From /home/collins/Param_test/antennalLobe.py:255: to_int32 (from tensorflow.python.ops.math_ops) is deprecated and will be removed in a future version.
Instructions for updating:
Use `tf.cast` instead.
WARNING:tensorflow:From /home/collins/Param_test/antennalLobe.py:255: to_int32 (from tensorflow.python.ops.math_ops) is deprecated and will be removed in a future version.
Instructions for updating:
Use `tf.cast` instead.
2020-02-18 12:34:33.912024: I tensorflow/core/platform/cpu_feature_guard.cc:142] Your CPU supports instructions that this TensorFlow binary was not compiled to use: AVX2 AVX512F FMA
2020-02-18 12:34:33.960425: I tensorflow/core/platform/profile_utils/cpu_utils.cc:94] CPU Frequency: 2900000000 Hz
2020-02-18 12:34:33.964701: I tensorflow/compiler/xla/service/service.cc:168] XLA service 0x559ad1baa1b0 initialized for platform Host (this does not guarantee that XLA will be used). Devices:
2020-02-18 12:34:33.964738: I tensorflow/compiler/xla/service/service.cc:176]   StreamExecutor device (0): Host, Default Version
2020-02-18 12:34:33.977285: I tensorflow/core/platform/cpu_feature_guard.cc:142] Your CPU supports instructions that this TensorFlow binary was not compiled to use: AVX2 AVX512F FMA
2020-02-18 12:34:33.985740: I tensorflow/core/platform/profile_utils/cpu_utils.cc:94] CPU Frequency: 2900000000 Hz
2020-02-18 12:34:33.988031: I tensorflow/compiler/xla/service/service.cc:168] XLA service 0x558c882d0d50 initialized for platform Host (this does not guarantee that XLA will be used). Devices:
2020-02-18 12:34:33.988062: I tensorflow/compiler/xla/service/service.cc:176]   StreamExecutor device (0): Host, Default Version
2020-02-18 12:34:34.032338: I tensorflow/core/platform/cpu_feature_guard.cc:142] Your CPU supports instructions that this TensorFlow binary was not compiled to use: AVX2 AVX512F FMA
2020-02-18 12:34:34.056317: I tensorflow/core/platform/profile_utils/cpu_utils.cc:94] CPU Frequency: 2900000000 Hz
2020-02-18 12:34:34.058887: I tensorflow/compiler/xla/service/service.cc:168] XLA service 0x559d0b9221b0 initialized for platform Host (this does not guarantee that XLA will be used). Devices:
2020-02-18 12:34:34.058920: I tensorflow/compiler/xla/service/service.cc:176]   StreamExecutor device (0): Host, Default Version
WARNING:tensorflow:From /home/collins/.local/lib/python3.7/site-packages/tensorflow_core/python/compat/v2_compat.py:88: disable_resource_variables (from tensorflow.python.ops.variable_scope) is deprecated and will be removed in a future version.
Instructions for updating:
non-resource variables are not supported in the long term
WARNING:tensorflow:From /home/collins/.local/lib/python3.7/site-packages/tensorflow_core/python/compat/v2_compat.py:88: disable_resource_variables (from tensorflow.python.ops.variable_scope) is deprecated and will be removed in a future version.
Instructions for updating:
non-resource variables are not supported in the long term
WARNING:tensorflow:From /home/collins/.local/lib/python3.7/site-packages/tensorflow_core/python/compat/v2_compat.py:88: disable_resource_variables (from tensorflow.python.ops.variable_scope) is deprecated and will be removed in a future version.
Instructions for updating:
non-resource variables are not supported in the long term
WARNING:tensorflow:From /home/collins/.local/lib/python3.7/site-packages/tensorflow_core/python/compat/v2_compat.py:88: disable_resource_variables (from tensorflow.python.ops.variable_scope) is deprecated and will be removed in a future version.
Instructions for updating:
non-resource variables are not supported in the long term
WARNING:tensorflow:From /home/collins/.local/lib/python3.7/site-packages/tensorflow_core/python/compat/v2_compat.py:88: disable_resource_variables (from tensorflow.python.ops.variable_scope) is deprecated and will be removed in a future version.
Instructions for updating:
non-resource variables are not supported in the long term
2020-02-18 12:34:36.093579: I tensorflow/core/platform/cpu_feature_guard.cc:142] Your CPU supports instructions that this TensorFlow binary was not compiled to use: AVX2 AVX512F FMA
2020-02-18 12:34:36.093584: I tensorflow/core/platform/cpu_feature_guard.cc:142] Your CPU supports instructions that this TensorFlow binary was not compiled to use: AVX2 AVX512F FMA
2020-02-18 12:34:36.139610: I tensorflow/core/platform/profile_utils/cpu_utils.cc:94] CPU Frequency: 2900000000 Hz
2020-02-18 12:34:36.139611: I tensorflow/core/platform/profile_utils/cpu_utils.cc:94] CPU Frequency: 2900000000 Hz
2020-02-18 12:34:36.143019: I tensorflow/compiler/xla/service/service.cc:168] XLA service 0x564b88e41ea0 initialized for platform Host (this does not guarantee that XLA will be used). Devices:
2020-02-18 12:34:36.143053: I tensorflow/compiler/xla/service/service.cc:176]   StreamExecutor device (0): Host, Default Version
2020-02-18 12:34:36.143612: I tensorflow/compiler/xla/service/service.cc:168] XLA service 0x555b9a0f11a0 initialized for platform Host (this does not guarantee that XLA will be used). Devices:
2020-02-18 12:34:36.143636: I tensorflow/compiler/xla/service/service.cc:176]   StreamExecutor device (0): Host, Default Version
WARNING:tensorflow:From /home/collins/Param_test/antennalLobe.py:255: to_int32 (from tensorflow.python.ops.math_ops) is deprecated and will be removed in a future version.
Instructions for updating:
Use `tf.cast` instead.
terminate called after throwing an instance of 'std::bad_alloc'
  what():  std::bad_alloc
WARNING:tensorflow:From /home/collins/Param_test/antennalLobe.py:255: to_int32 (from tensorflow.python.ops.math_ops) is deprecated and will be removed in a future version.
Instructions for updating:
Use `tf.cast` instead.
WARNING:tensorflow:From /home/collins/.local/lib/python3.7/site-packages/tensorflow_core/python/compat/v2_compat.py:88: disable_resource_variables (from tensorflow.python.ops.variable_scope) is deprecated and will be removed in a future version.
Instructions for updating:
non-resource variables are not supported in the long term
WARNING:tensorflow:From /home/collins/.local/lib/python3.7/site-packages/tensorflow_core/python/compat/v2_compat.py:88: disable_resource_variables (from tensorflow.python.ops.variable_scope) is deprecated and will be removed in a future version.
Instructions for updating:
non-resource variables are not supported in the long term
WARNING:tensorflow:From /home/collins/.local/lib/python3.7/site-packages/tensorflow_core/python/compat/v2_compat.py:88: disable_resource_variables (from tensorflow.python.ops.variable_scope) is deprecated and will be removed in a future version.
Instructions for updating:
non-resource variables are not supported in the long term
WARNING:tensorflow:From /home/collins/Param_test/antennalLobe.py:255: to_int32 (from tensorflow.python.ops.math_ops) is deprecated and will be removed in a future version.
Instructions for updating:
Use `tf.cast` instead.
WARNING:tensorflow:From /home/collins/Param_test/antennalLobe.py:255: to_int32 (from tensorflow.python.ops.math_ops) is deprecated and will be removed in a future version.
Instructions for updating:
Use `tf.cast` instead.
WARNING:tensorflow:From /home/collins/Param_test/antennalLobe.py:255: to_int32 (from tensorflow.python.ops.math_ops) is deprecated and will be removed in a future version.
Instructions for updating:
Use `tf.cast` instead.
WARNING:tensorflow:From /home/collins/Param_test/antennalLobe.py:255: to_int32 (from tensorflow.python.ops.math_ops) is deprecated and will be removed in a future version.
Instructions for updating:
Use `tf.cast` instead.
WARNING:tensorflow:From /home/collins/Param_test/antennalLobe.py:255: to_int32 (from tensorflow.python.ops.math_ops) is deprecated and will be removed in a future version.
Instructions for updating:
Use `tf.cast` instead.
WARNING:tensorflow:From /home/collins/.local/lib/python3.7/site-packages/tensorflow_core/python/compat/v2_compat.py:88: disable_resource_variables (from tensorflow.python.ops.variable_scope) is deprecated and will be removed in a future version.
Instructions for updating:
non-resource variables are not supported in the long term
WARNING:tensorflow:From /home/collins/.local/lib/python3.7/site-packages/tensorflow_core/python/compat/v2_compat.py:88: disable_resource_variables (from tensorflow.python.ops.variable_scope) is deprecated and will be removed in a future version.
Instructions for updating:
non-resource variables are not supported in the long term
WARNING:tensorflow:From /home/collins/.local/lib/python3.7/site-packages/tensorflow_core/python/compat/v2_compat.py:88: disable_resource_variables (from tensorflow.python.ops.variable_scope) is deprecated and will be removed in a future version.
Instructions for updating:
non-resource variables are not supported in the long term
Traceback (most recent call last):
  File "/home/collins/Param_test/antennalLobe.py", line 403, in <module>
    tensor_state = tf_int.odeint(dXdt, init_state, t, n_n, F_b)
  File "/home/collins/Param_test/tf_integrator.py", line 78, in odeint
    return _Tf_Integrator(n_, F_b).integrate(func,y0,t)
  File "/home/collins/Param_test/tf_integrator.py", line 59, in integrate
    y = tf.scan(scan_func, (t[:-1], time_delta_grid),y0)
  File "/home/collins/.local/lib/python3.7/site-packages/tensorflow_core/python/ops/functional_ops.py", line 508, in scan
    maximum_iterations=n)
  File "/home/collins/.local/lib/python3.7/site-packages/tensorflow_core/python/ops/control_flow_ops.py", line 2753, in while_loop
    return_same_structure)
  File "/home/collins/.local/lib/python3.7/site-packages/tensorflow_core/python/ops/control_flow_ops.py", line 2245, in BuildLoop
    pred, body, original_loop_vars, loop_vars, shape_invariants)
  File "/home/collins/.local/lib/python3.7/site-packages/tensorflow_core/python/ops/control_flow_ops.py", line 2170, in _BuildLoop
    body_result = body(*packed_vars_for_body)
  File "/home/collins/.local/lib/python3.7/site-packages/tensorflow_core/python/ops/control_flow_ops.py", line 2705, in <lambda>
    body = lambda i, lv: (i + 1, orig_body(*lv))
  File "/home/collins/.local/lib/python3.7/site-packages/tensorflow_core/python/ops/functional_ops.py", line 485, in compute
    a_out = fn(packed_a, packed_elems)
  File "/home/collins/Param_test/tf_integrator.py", line 28, in scan_func
    dy = self._step_func(func,t,dt,y) # Make code more modular.
  File "/home/collins/Param_test/tf_integrator.py", line 68, in _step_func
    k2 = func(y + dt_cast * k1 / 2, half_step)
  File "/home/collins/Param_test/antennalLobe.py", line 326, in dXdt
    dV = (-I_inj_t(t,V) + CmdV - I_K(V, n_K) - I_L(V) - I_ach(o_ach,V) - I_fgaba(o_fgaba,V) - I_sgaba(g_sgaba,V)) / C_m
  File "/home/collins/Param_test/antennalLobe.py", line 255, in I_inj_t
    return tf.constant(current_input.T,dtype=tf.float64)[tf.to_int32(t*100)]*(V-E_ach)
  File "/home/collins/.local/lib/python3.7/site-packages/tensorflow_core/python/framework/constant_op.py", line 161, in constant_v1
    allow_broadcast=False)
  File "/home/collins/.local/lib/python3.7/site-packages/tensorflow_core/python/framework/constant_op.py", line 296, in _constant_impl
    allow_broadcast=allow_broadcast))
  File "/home/collins/.local/lib/python3.7/site-packages/tensorflow_core/python/framework/tensor_util.py", line 523, in make_tensor_proto
    tensor_proto.tensor_content = nparray.tostring()
MemoryError
Traceback (most recent call last):
  File "/home/collins/Param_test/antennalLobe.py", line 403, in <module>
    tensor_state = tf_int.odeint(dXdt, init_state, t, n_n, F_b)
  File "/home/collins/Param_test/tf_integrator.py", line 78, in odeint
    return _Tf_Integrator(n_, F_b).integrate(func,y0,t)
  File "/home/collins/Param_test/tf_integrator.py", line 59, in integrate
    y = tf.scan(scan_func, (t[:-1], time_delta_grid),y0)
  File "/home/collins/.local/lib/python3.7/site-packages/tensorflow_core/python/ops/functional_ops.py", line 508, in scan
    maximum_iterations=n)
  File "/home/collins/.local/lib/python3.7/site-packages/tensorflow_core/python/ops/control_flow_ops.py", line 2753, in while_loop
    return_same_structure)
  File "/home/collins/.local/lib/python3.7/site-packages/tensorflow_core/python/ops/control_flow_ops.py", line 2245, in BuildLoop
    pred, body, original_loop_vars, loop_vars, shape_invariants)
  File "/home/collins/.local/lib/python3.7/site-packages/tensorflow_core/python/ops/control_flow_ops.py", line 2170, in _BuildLoop
    body_result = body(*packed_vars_for_body)
  File "/home/collins/.local/lib/python3.7/site-packages/tensorflow_core/python/ops/control_flow_ops.py", line 2705, in <lambda>
    body = lambda i, lv: (i + 1, orig_body(*lv))
  File "/home/collins/.local/lib/python3.7/site-packages/tensorflow_core/python/ops/functional_ops.py", line 485, in compute
    a_out = fn(packed_a, packed_elems)
  File "/home/collins/Param_test/tf_integrator.py", line 28, in scan_func
    dy = self._step_func(func,t,dt,y) # Make code more modular.
  File "/home/collins/Param_test/tf_integrator.py", line 68, in _step_func
    k2 = func(y + dt_cast * k1 / 2, half_step)
  File "/home/collins/Param_test/antennalLobe.py", line 326, in dXdt
    dV = (-I_inj_t(t,V) + CmdV - I_K(V, n_K) - I_L(V) - I_ach(o_ach,V) - I_fgaba(o_fgaba,V) - I_sgaba(g_sgaba,V)) / C_m
  File "/home/collins/Param_test/antennalLobe.py", line 255, in I_inj_t
    return tf.constant(current_input.T,dtype=tf.float64)[tf.to_int32(t*100)]*(V-E_ach)
  File "/home/collins/.local/lib/python3.7/site-packages/tensorflow_core/python/framework/constant_op.py", line 161, in constant_v1
    allow_broadcast=False)
  File "/home/collins/.local/lib/python3.7/site-packages/tensorflow_core/python/framework/constant_op.py", line 296, in _constant_impl
    allow_broadcast=allow_broadcast))
  File "/home/collins/.local/lib/python3.7/site-packages/tensorflow_core/python/framework/tensor_util.py", line 523, in make_tensor_proto
    tensor_proto.tensor_content = nparray.tostring()
MemoryError
WARNING:tensorflow:From /home/collins/Param_test/antennalLobe.py:255: to_int32 (from tensorflow.python.ops.math_ops) is deprecated and will be removed in a future version.
Instructions for updating:
Use `tf.cast` instead.
WARNING:tensorflow:From /home/collins/Param_test/antennalLobe.py:255: to_int32 (from tensorflow.python.ops.math_ops) is deprecated and will be removed in a future version.
Instructions for updating:
Use `tf.cast` instead.
WARNING:tensorflow:From /home/collins/Param_test/antennalLobe.py:255: to_int32 (from tensorflow.python.ops.math_ops) is deprecated and will be removed in a future version.
Instructions for updating:
Use `tf.cast` instead.
Traceback (most recent call last):
  File "/home/collins/Param_test/receptorLayer.py", line 116, in <module>
    orns_spike = spike_generator(orns,0.01)
  File "/home/collins/Param_test/receptorLayer.py", line 105, in spike_generator
    spike = np.zeros(fr.shape)
MemoryError: Unable to allocate 4.47 GiB for an array with shape (1000, 600000) and data type float64
WARNING:tensorflow:From /home/collins/.local/lib/python3.7/site-packages/tensorflow_core/python/compat/v2_compat.py:88: disable_resource_variables (from tensorflow.python.ops.variable_scope) is deprecated and will be removed in a future version.
Instructions for updating:
non-resource variables are not supported in the long term
WARNING:tensorflow:From /home/collins/.local/lib/python3.7/site-packages/tensorflow_core/python/compat/v2_compat.py:88: disable_resource_variables (from tensorflow.python.ops.variable_scope) is deprecated and will be removed in a future version.
Instructions for updating:
non-resource variables are not supported in the long term
WARNING:tensorflow:From /home/collins/.local/lib/python3.7/site-packages/tensorflow_core/python/compat/v2_compat.py:88: disable_resource_variables (from tensorflow.python.ops.variable_scope) is deprecated and will be removed in a future version.
Instructions for updating:
non-resource variables are not supported in the long term
WARNING:tensorflow:From /home/collins/Param_test/antennalLobe.py:255: to_int32 (from tensorflow.python.ops.math_ops) is deprecated and will be removed in a future version.
Instructions for updating:
Use `tf.cast` instead.
WARNING:tensorflow:From /home/collins/Param_test/antennalLobe.py:255: to_int32 (from tensorflow.python.ops.math_ops) is deprecated and will be removed in a future version.
Instructions for updating:
Use `tf.cast` instead.
WARNING:tensorflow:From /home/collins/Param_test/antennalLobe.py:255: to_int32 (from tensorflow.python.ops.math_ops) is deprecated and will be removed in a future version.
Instructions for updating:
Use `tf.cast` instead.
2020-02-18 12:34:47.212891: I tensorflow/core/platform/cpu_feature_guard.cc:142] Your CPU supports instructions that this TensorFlow binary was not compiled to use: AVX2 AVX512F FMA
2020-02-18 12:34:47.280492: I tensorflow/core/platform/profile_utils/cpu_utils.cc:94] CPU Frequency: 2900000000 Hz
2020-02-18 12:34:47.284368: I tensorflow/compiler/xla/service/service.cc:168] XLA service 0x55d72be29a30 initialized for platform Host (this does not guarantee that XLA will be used). Devices:
2020-02-18 12:34:47.284413: I tensorflow/compiler/xla/service/service.cc:176]   StreamExecutor device (0): Host, Default Version
2020-02-18 12:34:47.607224: I tensorflow/core/platform/cpu_feature_guard.cc:142] Your CPU supports instructions that this TensorFlow binary was not compiled to use: AVX2 AVX512F FMA
2020-02-18 12:34:47.615849: I tensorflow/core/platform/profile_utils/cpu_utils.cc:94] CPU Frequency: 2900000000 Hz
2020-02-18 12:34:47.616971: I tensorflow/compiler/xla/service/service.cc:168] XLA service 0x5609f5ccd8c0 initialized for platform Host (this does not guarantee that XLA will be used). Devices:
2020-02-18 12:34:47.616993: I tensorflow/compiler/xla/service/service.cc:176]   StreamExecutor device (0): Host, Default Version
2020-02-18 12:34:47.748439: I tensorflow/core/platform/cpu_feature_guard.cc:142] Your CPU supports instructions that this TensorFlow binary was not compiled to use: AVX2 AVX512F FMA
2020-02-18 12:34:47.790535: I tensorflow/core/platform/profile_utils/cpu_utils.cc:94] CPU Frequency: 2900000000 Hz
2020-02-18 12:34:47.792415: I tensorflow/compiler/xla/service/service.cc:168] XLA service 0x55971cef9320 initialized for platform Host (this does not guarantee that XLA will be used). Devices:
2020-02-18 12:34:47.792441: I tensorflow/compiler/xla/service/service.cc:176]   StreamExecutor device (0): Host, Default Version
terminate called after throwing an instance of 'std::bad_alloc'
  what():  std::bad_alloc
WARNING:tensorflow:From /home/collins/.local/lib/python3.7/site-packages/tensorflow_core/python/compat/v2_compat.py:88: disable_resource_variables (from tensorflow.python.ops.variable_scope) is deprecated and will be removed in a future version.
Instructions for updating:
non-resource variables are not supported in the long term
WARNING:tensorflow:From /home/collins/.local/lib/python3.7/site-packages/tensorflow_core/python/compat/v2_compat.py:88: disable_resource_variables (from tensorflow.python.ops.variable_scope) is deprecated and will be removed in a future version.
Instructions for updating:
non-resource variables are not supported in the long term
WARNING:tensorflow:From /home/collins/.local/lib/python3.7/site-packages/tensorflow_core/python/compat/v2_compat.py:88: disable_resource_variables (from tensorflow.python.ops.variable_scope) is deprecated and will be removed in a future version.
Instructions for updating:
non-resource variables are not supported in the long term
WARNING:tensorflow:From /home/collins/Param_test/antennalLobe.py:255: to_int32 (from tensorflow.python.ops.math_ops) is deprecated and will be removed in a future version.
Instructions for updating:
Use `tf.cast` instead.
WARNING:tensorflow:From /home/collins/Param_test/antennalLobe.py:255: to_int32 (from tensorflow.python.ops.math_ops) is deprecated and will be removed in a future version.
Instructions for updating:
Use `tf.cast` instead.
2020-02-18 12:34:50.681079: I tensorflow/core/platform/cpu_feature_guard.cc:142] Your CPU supports instructions that this TensorFlow binary was not compiled to use: AVX2 AVX512F FMA
2020-02-18 12:34:50.723066: I tensorflow/core/platform/profile_utils/cpu_utils.cc:94] CPU Frequency: 2900000000 Hz
2020-02-18 12:34:50.727082: I tensorflow/compiler/xla/service/service.cc:168] XLA service 0x55baf92b6870 initialized for platform Host (this does not guarantee that XLA will be used). Devices:
2020-02-18 12:34:50.727131: I tensorflow/compiler/xla/service/service.cc:176]   StreamExecutor device (0): Host, Default Version
WARNING:tensorflow:From /home/collins/Param_test/antennalLobe.py:255: to_int32 (from tensorflow.python.ops.math_ops) is deprecated and will be removed in a future version.
Instructions for updating:
Use `tf.cast` instead.
2020-02-18 12:34:51.169510: I tensorflow/core/platform/cpu_feature_guard.cc:142] Your CPU supports instructions that this TensorFlow binary was not compiled to use: AVX2 AVX512F FMA
2020-02-18 12:34:51.206727: I tensorflow/core/platform/profile_utils/cpu_utils.cc:94] CPU Frequency: 2900000000 Hz
2020-02-18 12:34:51.210247: I tensorflow/compiler/xla/service/service.cc:168] XLA service 0x55b81e49f6a0 initialized for platform Host (this does not guarantee that XLA will be used). Devices:
2020-02-18 12:34:51.210274: I tensorflow/compiler/xla/service/service.cc:176]   StreamExecutor device (0): Host, Default Version
WARNING:tensorflow:From /home/collins/.local/lib/python3.7/site-packages/tensorflow_core/python/compat/v2_compat.py:88: disable_resource_variables (from tensorflow.python.ops.variable_scope) is deprecated and will be removed in a future version.
Instructions for updating:
non-resource variables are not supported in the long term
WARNING:tensorflow:From /home/collins/.local/lib/python3.7/site-packages/tensorflow_core/python/compat/v2_compat.py:88: disable_resource_variables (from tensorflow.python.ops.variable_scope) is deprecated and will be removed in a future version.
Instructions for updating:
non-resource variables are not supported in the long term
WARNING:tensorflow:From /home/collins/.local/lib/python3.7/site-packages/tensorflow_core/python/compat/v2_compat.py:88: disable_resource_variables (from tensorflow.python.ops.variable_scope) is deprecated and will be removed in a future version.
Instructions for updating:
non-resource variables are not supported in the long term
WARNING:tensorflow:From /home/collins/.local/lib/python3.7/site-packages/tensorflow_core/python/compat/v2_compat.py:88: disable_resource_variables (from tensorflow.python.ops.variable_scope) is deprecated and will be removed in a future version.
Instructions for updating:
non-resource variables are not supported in the long term
2020-02-18 12:34:55.661406: I tensorflow/core/platform/cpu_feature_guard.cc:142] Your CPU supports instructions that this TensorFlow binary was not compiled to use: AVX2 AVX512F FMA
2020-02-18 12:34:55.679799: I tensorflow/core/platform/cpu_feature_guard.cc:142] Your CPU supports instructions that this TensorFlow binary was not compiled to use: AVX2 AVX512F FMA
2020-02-18 12:34:55.737724: I tensorflow/core/platform/profile_utils/cpu_utils.cc:94] CPU Frequency: 2900000000 Hz
2020-02-18 12:34:55.737720: I tensorflow/core/platform/profile_utils/cpu_utils.cc:94] CPU Frequency: 2900000000 Hz
2020-02-18 12:34:55.746613: I tensorflow/compiler/xla/service/service.cc:168] XLA service 0x56396b2a52b0 initialized for platform Host (this does not guarantee that XLA will be used). Devices:
2020-02-18 12:34:55.746665: I tensorflow/compiler/xla/service/service.cc:176]   StreamExecutor device (0): Host, Default Version
2020-02-18 12:34:55.746609: I tensorflow/compiler/xla/service/service.cc:168] XLA service 0x5651a78592b0 initialized for platform Host (this does not guarantee that XLA will be used). Devices:
2020-02-18 12:34:55.746660: I tensorflow/compiler/xla/service/service.cc:176]   StreamExecutor device (0): Host, Default Version
WARNING:tensorflow:From /home/collins/Param_test/antennalLobe.py:255: to_int32 (from tensorflow.python.ops.math_ops) is deprecated and will be removed in a future version.
Instructions for updating:
Use `tf.cast` instead.
WARNING:tensorflow:From /home/collins/Param_test/antennalLobe.py:255: to_int32 (from tensorflow.python.ops.math_ops) is deprecated and will be removed in a future version.
Instructions for updating:
Use `tf.cast` instead.
WARNING:tensorflow:From /home/collins/Param_test/antennalLobe.py:255: to_int32 (from tensorflow.python.ops.math_ops) is deprecated and will be removed in a future version.
Instructions for updating:
Use `tf.cast` instead.
2020-02-18 12:34:56.795619: I tensorflow/core/platform/cpu_feature_guard.cc:142] Your CPU supports instructions that this TensorFlow binary was not compiled to use: AVX2 AVX512F FMA
2020-02-18 12:34:56.805675: I tensorflow/core/platform/profile_utils/cpu_utils.cc:94] CPU Frequency: 2900000000 Hz
2020-02-18 12:34:56.807974: I tensorflow/compiler/xla/service/service.cc:168] XLA service 0x55a3484c6f70 initialized for platform Host (this does not guarantee that XLA will be used). Devices:
2020-02-18 12:34:56.808010: I tensorflow/compiler/xla/service/service.cc:176]   StreamExecutor device (0): Host, Default Version
2020-02-18 12:34:56.853870: I tensorflow/core/platform/cpu_feature_guard.cc:142] Your CPU supports instructions that this TensorFlow binary was not compiled to use: AVX2 AVX512F FMA
2020-02-18 12:34:56.863645: I tensorflow/core/platform/profile_utils/cpu_utils.cc:94] CPU Frequency: 2900000000 Hz
2020-02-18 12:34:56.866290: I tensorflow/compiler/xla/service/service.cc:168] XLA service 0x5621f4dc36b0 initialized for platform Host (this does not guarantee that XLA will be used). Devices:
2020-02-18 12:34:56.866328: I tensorflow/compiler/xla/service/service.cc:176]   StreamExecutor device (0): Host, Default Version
2020-02-18 12:34:56.880896: I tensorflow/core/platform/cpu_feature_guard.cc:142] Your CPU supports instructions that this TensorFlow binary was not compiled to use: AVX2 AVX512F FMA
2020-02-18 12:34:56.893420: I tensorflow/core/platform/profile_utils/cpu_utils.cc:94] CPU Frequency: 2900000000 Hz
2020-02-18 12:34:56.895616: I tensorflow/compiler/xla/service/service.cc:168] XLA service 0x562b5895cae0 initialized for platform Host (this does not guarantee that XLA will be used). Devices:
2020-02-18 12:34:56.895652: I tensorflow/compiler/xla/service/service.cc:176]   StreamExecutor device (0): Host, Default Version
2020-02-18 12:34:58.397378: W tensorflow/core/framework/cpu_allocator_impl.cc:81] Allocation of 576000000 exceeds 10% of system memory.
2020-02-18 12:34:58.413004: W tensorflow/core/framework/cpu_allocator_impl.cc:81] Allocation of 576000000 exceeds 10% of system memory.
2020-02-18 12:34:58.609173: I tensorflow/core/platform/cpu_feature_guard.cc:142] Your CPU supports instructions that this TensorFlow binary was not compiled to use: AVX2 AVX512F FMA
2020-02-18 12:34:59.236235: W tensorflow/core/framework/cpu_allocator_impl.cc:81] Allocation of 576000000 exceeds 10% of system memory.
2020-02-18 12:34:59.276280: W tensorflow/core/framework/cpu_allocator_impl.cc:81] Allocation of 576000000 exceeds 10% of system memory.
2020-02-18 12:34:59.302763: I tensorflow/core/platform/profile_utils/cpu_utils.cc:94] CPU Frequency: 2900000000 Hz
2020-02-18 12:34:59.380726: I tensorflow/compiler/xla/service/service.cc:168] XLA service 0x564a82d74a50 initialized for platform Host (this does not guarantee that XLA will be used). Devices:
2020-02-18 12:34:59.383175: I tensorflow/compiler/xla/service/service.cc:176]   StreamExecutor device (0): Host, Default Version
2020-02-18 12:34:59.627884: W tensorflow/core/framework/cpu_allocator_impl.cc:81] Allocation of 576000000 exceeds 10% of system memory.
2020-02-18 12:34:59.806391: W tensorflow/core/framework/cpu_allocator_impl.cc:81] Allocation of 576000000 exceeds 10% of system memory.
2020-02-18 12:34:59.893301: W tensorflow/core/framework/cpu_allocator_impl.cc:81] Allocation of 576000000 exceeds 10% of system memory.
2020-02-18 12:34:59.979723: W tensorflow/core/framework/cpu_allocator_impl.cc:81] Allocation of 576000000 exceeds 10% of system memory.
WARNING:tensorflow:From /home/collins/Param_test/antennalLobe.py:255: to_int32 (from tensorflow.python.ops.math_ops) is deprecated and will be removed in a future version.
Instructions for updating:
Use `tf.cast` instead.
2020-02-18 12:35:00.183133: W tensorflow/core/framework/cpu_allocator_impl.cc:81] Allocation of 576000000 exceeds 10% of system memory.
WARNING:tensorflow:From /home/collins/Param_test/antennalLobe.py:255: to_int32 (from tensorflow.python.ops.math_ops) is deprecated and will be removed in a future version.
Instructions for updating:
Use `tf.cast` instead.
WARNING:tensorflow:From /home/collins/Param_test/antennalLobe.py:255: to_int32 (from tensorflow.python.ops.math_ops) is deprecated and will be removed in a future version.
Instructions for updating:
Use `tf.cast` instead.
WARNING:tensorflow:From /home/collins/.local/lib/python3.7/site-packages/tensorflow_core/python/compat/v2_compat.py:88: disable_resource_variables (from tensorflow.python.ops.variable_scope) is deprecated and will be removed in a future version.
Instructions for updating:
non-resource variables are not supported in the long term
WARNING:tensorflow:From /home/collins/.local/lib/python3.7/site-packages/tensorflow_core/python/compat/v2_compat.py:88: disable_resource_variables (from tensorflow.python.ops.variable_scope) is deprecated and will be removed in a future version.
Instructions for updating:
non-resource variables are not supported in the long term
WARNING:tensorflow:From /home/collins/.local/lib/python3.7/site-packages/tensorflow_core/python/compat/v2_compat.py:88: disable_resource_variables (from tensorflow.python.ops.variable_scope) is deprecated and will be removed in a future version.
Instructions for updating:
non-resource variables are not supported in the long term
WARNING:tensorflow:From /home/collins/.local/lib/python3.7/site-packages/tensorflow_core/python/compat/v2_compat.py:88: disable_resource_variables (from tensorflow.python.ops.variable_scope) is deprecated and will be removed in a future version.
Instructions for updating:
non-resource variables are not supported in the long term
2020-02-18 12:35:00.348174: W tensorflow/core/framework/cpu_allocator_impl.cc:81] Allocation of 576000000 exceeds 10% of system memory.
2020-02-18 12:35:00.436917: W tensorflow/core/framework/cpu_allocator_impl.cc:81] Allocation of 576000000 exceeds 10% of system memory.
WARNING:tensorflow:From /home/collins/Param_test/antennalLobe.py:255: to_int32 (from tensorflow.python.ops.math_ops) is deprecated and will be removed in a future version.
Instructions for updating:
Use `tf.cast` instead.
2020-02-18 12:35:00.705225: W tensorflow/core/framework/cpu_allocator_impl.cc:81] Allocation of 576000000 exceeds 10% of system memory.
2020-02-18 12:35:00.717968: W tensorflow/core/framework/cpu_allocator_impl.cc:81] Allocation of 576000000 exceeds 10% of system memory.
2020-02-18 12:35:00.898657: I tensorflow/core/platform/cpu_feature_guard.cc:142] Your CPU supports instructions that this TensorFlow binary was not compiled to use: AVX2 AVX512F FMA
2020-02-18 12:35:00.958935: I tensorflow/core/platform/profile_utils/cpu_utils.cc:94] CPU Frequency: 2900000000 Hz
2020-02-18 12:35:00.962035: I tensorflow/compiler/xla/service/service.cc:168] XLA service 0x55621c09d440 initialized for platform Host (this does not guarantee that XLA will be used). Devices:
2020-02-18 12:35:00.962074: I tensorflow/compiler/xla/service/service.cc:176]   StreamExecutor device (0): Host, Default Version
2020-02-18 12:35:01.043963: I tensorflow/core/platform/cpu_feature_guard.cc:142] Your CPU supports instructions that this TensorFlow binary was not compiled to use: AVX2 AVX512F FMA
2020-02-18 12:35:01.057070: W tensorflow/core/framework/cpu_allocator_impl.cc:81] Allocation of 576000000 exceeds 10% of system memory.
2020-02-18 12:35:01.090014: I tensorflow/core/platform/profile_utils/cpu_utils.cc:94] CPU Frequency: 2900000000 Hz
2020-02-18 12:35:01.097275: I tensorflow/compiler/xla/service/service.cc:168] XLA service 0x55b2df8d50e0 initialized for platform Host (this does not guarantee that XLA will be used). Devices:
2020-02-18 12:35:01.097350: I tensorflow/compiler/xla/service/service.cc:176]   StreamExecutor device (0): Host, Default Version
2020-02-18 12:35:02.351403: W tensorflow/core/framework/cpu_allocator_impl.cc:81] Allocation of 576000000 exceeds 10% of system memory.
2020-02-18 12:35:02.591139: I tensorflow/core/platform/cpu_feature_guard.cc:142] Your CPU supports instructions that this TensorFlow binary was not compiled to use: AVX2 AVX512F FMA
2020-02-18 12:35:02.655934: I tensorflow/core/platform/profile_utils/cpu_utils.cc:94] CPU Frequency: 2900000000 Hz
2020-02-18 12:35:02.659233: I tensorflow/compiler/xla/service/service.cc:168] XLA service 0x55a5faa063e0 initialized for platform Host (this does not guarantee that XLA will be used). Devices:
2020-02-18 12:35:02.659279: I tensorflow/compiler/xla/service/service.cc:176]   StreamExecutor device (0): Host, Default Version
WARNING:tensorflow:From /home/collins/.local/lib/python3.7/site-packages/tensorflow_core/python/compat/v2_compat.py:88: disable_resource_variables (from tensorflow.python.ops.variable_scope) is deprecated and will be removed in a future version.
Instructions for updating:
non-resource variables are not supported in the long term
2020-02-18 12:35:11.869230: W tensorflow/core/framework/cpu_allocator_impl.cc:81] Allocation of 576000000 exceeds 10% of system memory.
2020-02-18 12:35:12.171630: W tensorflow/core/framework/cpu_allocator_impl.cc:81] Allocation of 576000000 exceeds 10% of system memory.
2020-02-18 12:35:12.773310: W tensorflow/core/framework/cpu_allocator_impl.cc:81] Allocation of 576000000 exceeds 10% of system memory.
WARNING:tensorflow:From /home/collins/Param_test/antennalLobe.py:255: to_int32 (from tensorflow.python.ops.math_ops) is deprecated and will be removed in a future version.
Instructions for updating:
Use `tf.cast` instead.
2020-02-18 12:35:12.915539: W tensorflow/core/framework/cpu_allocator_impl.cc:81] Allocation of 576000000 exceeds 10% of system memory.
2020-02-18 12:35:12.991286: I tensorflow/core/platform/cpu_feature_guard.cc:142] Your CPU supports instructions that this TensorFlow binary was not compiled to use: AVX2 AVX512F FMA
2020-02-18 12:35:13.055572: I tensorflow/core/platform/profile_utils/cpu_utils.cc:94] CPU Frequency: 2900000000 Hz
2020-02-18 12:35:13.058031: I tensorflow/compiler/xla/service/service.cc:168] XLA service 0x55ecbc92d5a0 initialized for platform Host (this does not guarantee that XLA will be used). Devices:
2020-02-18 12:35:13.058079: I tensorflow/compiler/xla/service/service.cc:176]   StreamExecutor device (0): Host, Default Version
2020-02-18 12:35:13.522724: W tensorflow/core/framework/cpu_allocator_impl.cc:81] Allocation of 576000000 exceeds 10% of system memory.
2020-02-18 12:35:13.564643: W tensorflow/core/framework/cpu_allocator_impl.cc:81] Allocation of 576000000 exceeds 10% of system memory.
2020-02-18 12:35:13.881865: W tensorflow/core/framework/cpu_allocator_impl.cc:81] Allocation of 576000000 exceeds 10% of system memory.
WARNING:tensorflow:From /home/collins/Param_test/antennalLobe.py:255: to_int32 (from tensorflow.python.ops.math_ops) is deprecated and will be removed in a future version.
Instructions for updating:
Use `tf.cast` instead.
WARNING:tensorflow:From /home/collins/Param_test/antennalLobe.py:255: to_int32 (from tensorflow.python.ops.math_ops) is deprecated and will be removed in a future version.
Instructions for updating:
Use `tf.cast` instead.
WARNING:tensorflow:From /home/collins/Param_test/antennalLobe.py:255: to_int32 (from tensorflow.python.ops.math_ops) is deprecated and will be removed in a future version.
Instructions for updating:
Use `tf.cast` instead.
2020-02-18 12:35:14.155839: I tensorflow/core/platform/cpu_feature_guard.cc:142] Your CPU supports instructions that this TensorFlow binary was not compiled to use: AVX2 AVX512F FMA
2020-02-18 12:35:14.181360: I tensorflow/core/platform/profile_utils/cpu_utils.cc:94] CPU Frequency: 2900000000 Hz
2020-02-18 12:35:14.184065: I tensorflow/compiler/xla/service/service.cc:168] XLA service 0x55bc3694d380 initialized for platform Host (this does not guarantee that XLA will be used). Devices:
2020-02-18 12:35:14.184149: I tensorflow/compiler/xla/service/service.cc:176]   StreamExecutor device (0): Host, Default Version
2020-02-18 12:35:15.521208: W tensorflow/core/framework/cpu_allocator_impl.cc:81] Allocation of 576000000 exceeds 10% of system memory.
2020-02-18 12:35:15.529797: W tensorflow/core/framework/cpu_allocator_impl.cc:81] Allocation of 576000000 exceeds 10% of system memory.
2020-02-18 12:35:16.599929: W tensorflow/core/framework/cpu_allocator_impl.cc:81] Allocation of 576000000 exceeds 10% of system memory.
WARNING:tensorflow:From /home/collins/Param_test/antennalLobe.py:255: to_int32 (from tensorflow.python.ops.math_ops) is deprecated and will be removed in a future version.
Instructions for updating:
Use `tf.cast` instead.
2020-02-18 12:35:18.605911: W tensorflow/core/framework/cpu_allocator_impl.cc:81] Allocation of 576000000 exceeds 10% of system memory.
2020-02-18 12:35:18.631759: I tensorflow/core/platform/cpu_feature_guard.cc:142] Your CPU supports instructions that this TensorFlow binary was not compiled to use: AVX2 AVX512F FMA
2020-02-18 12:35:18.683917: I tensorflow/core/platform/profile_utils/cpu_utils.cc:94] CPU Frequency: 2900000000 Hz
2020-02-18 12:35:18.686885: I tensorflow/compiler/xla/service/service.cc:168] XLA service 0x55ab82d37020 initialized for platform Host (this does not guarantee that XLA will be used). Devices:
2020-02-18 12:35:18.686931: I tensorflow/compiler/xla/service/service.cc:176]   StreamExecutor device (0): Host, Default Version
2020-02-18 12:35:19.264195: I tensorflow/core/platform/cpu_feature_guard.cc:142] Your CPU supports instructions that this TensorFlow binary was not compiled to use: AVX2 AVX512F FMA
2020-02-18 12:35:19.275588: I tensorflow/core/platform/profile_utils/cpu_utils.cc:94] CPU Frequency: 2900000000 Hz
2020-02-18 12:35:19.278005: I tensorflow/compiler/xla/service/service.cc:168] XLA service 0x562343df9670 initialized for platform Host (this does not guarantee that XLA will be used). Devices:
2020-02-18 12:35:19.278036: I tensorflow/compiler/xla/service/service.cc:176]   StreamExecutor device (0): Host, Default Version
2020-02-18 12:35:19.300409: W tensorflow/core/framework/cpu_allocator_impl.cc:81] Allocation of 576000000 exceeds 10% of system memory.
2020-02-18 12:35:19.561002: W tensorflow/core/framework/cpu_allocator_impl.cc:81] Allocation of 576000000 exceeds 10% of system memory.
WARNING:tensorflow:From /home/collins/.local/lib/python3.7/site-packages/tensorflow_core/python/compat/v2_compat.py:88: disable_resource_variables (from tensorflow.python.ops.variable_scope) is deprecated and will be removed in a future version.
Instructions for updating:
non-resource variables are not supported in the long term
WARNING:tensorflow:From /home/collins/.local/lib/python3.7/site-packages/tensorflow_core/python/compat/v2_compat.py:88: disable_resource_variables (from tensorflow.python.ops.variable_scope) is deprecated and will be removed in a future version.
Instructions for updating:
non-resource variables are not supported in the long term
WARNING:tensorflow:From /home/collins/.local/lib/python3.7/site-packages/tensorflow_core/python/compat/v2_compat.py:88: disable_resource_variables (from tensorflow.python.ops.variable_scope) is deprecated and will be removed in a future version.
Instructions for updating:
non-resource variables are not supported in the long term
WARNING:tensorflow:From /home/collins/.local/lib/python3.7/site-packages/tensorflow_core/python/compat/v2_compat.py:88: disable_resource_variables (from tensorflow.python.ops.variable_scope) is deprecated and will be removed in a future version.
Instructions for updating:
non-resource variables are not supported in the long term
WARNING:tensorflow:From /home/collins/.local/lib/python3.7/site-packages/tensorflow_core/python/compat/v2_compat.py:88: disable_resource_variables (from tensorflow.python.ops.variable_scope) is deprecated and will be removed in a future version.
Instructions for updating:
non-resource variables are not supported in the long term
2020-02-18 12:35:19.756271: I tensorflow/core/platform/cpu_feature_guard.cc:142] Your CPU supports instructions that this TensorFlow binary was not compiled to use: AVX2 AVX512F FMA
2020-02-18 12:35:19.801373: I tensorflow/core/platform/profile_utils/cpu_utils.cc:94] CPU Frequency: 2900000000 Hz
2020-02-18 12:35:19.804699: I tensorflow/compiler/xla/service/service.cc:168] XLA service 0x56126179d480 initialized for platform Host (this does not guarantee that XLA will be used). Devices:
2020-02-18 12:35:19.804739: I tensorflow/compiler/xla/service/service.cc:176]   StreamExecutor device (0): Host, Default Version
2020-02-18 12:35:19.907053: W tensorflow/core/framework/cpu_allocator_impl.cc:81] Allocation of 576000000 exceeds 10% of system memory.
slurmstepd: error: *** JOB 34343 ON cn168 CANCELLED AT 2020-02-18T12:35:20 ***
slurmstepd: error: *** STEP 34343.1 ON cn168 CANCELLED AT 2020-02-18T12:35:20 ***
