
The following have been reloaded with a version change:
  1) python/3.6 => python/3.7

WARNING:tensorflow:From /home/collins/.local/lib/python3.7/site-packages/tensorflow_core/python/compat/v2_compat.py:88: disable_resource_variables (from tensorflow.python.ops.variable_scope) is deprecated and will be removed in a future version.
Instructions for updating:
non-resource variables are not supported in the long term
WARNING:tensorflow:From /home/collins/Param_test/antennalLobe.py:255: to_int32 (from tensorflow.python.ops.math_ops) is deprecated and will be removed in a future version.
Instructions for updating:
Use `tf.cast` instead.
2020-04-03 23:58:56.424399: I tensorflow/core/platform/cpu_feature_guard.cc:142] Your CPU supports instructions that this TensorFlow binary was not compiled to use: AVX2 AVX512F FMA
2020-04-03 23:58:56.434173: I tensorflow/core/platform/profile_utils/cpu_utils.cc:94] CPU Frequency: 2900000000 Hz
2020-04-03 23:58:56.436590: I tensorflow/compiler/xla/service/service.cc:168] XLA service 0x55c85abab320 initialized for platform Host (this does not guarantee that XLA will be used). Devices:
2020-04-03 23:58:56.436635: I tensorflow/compiler/xla/service/service.cc:176]   StreamExecutor device (0): Host, Default Version
WARNING:tensorflow:From /home/collins/.local/lib/python3.7/site-packages/tensorflow_core/python/compat/v2_compat.py:88: disable_resource_variables (from tensorflow.python.ops.variable_scope) is deprecated and will be removed in a future version.
Instructions for updating:
non-resource variables are not supported in the long term
WARNING:tensorflow:From /home/collins/Param_test/antennalLobe.py:255: to_int32 (from tensorflow.python.ops.math_ops) is deprecated and will be removed in a future version.
Instructions for updating:
Use `tf.cast` instead.
2020-04-04 00:03:51.649737: I tensorflow/core/platform/cpu_feature_guard.cc:142] Your CPU supports instructions that this TensorFlow binary was not compiled to use: AVX2 AVX512F FMA
2020-04-04 00:03:51.658373: I tensorflow/core/platform/profile_utils/cpu_utils.cc:94] CPU Frequency: 2900000000 Hz
2020-04-04 00:03:51.660340: I tensorflow/compiler/xla/service/service.cc:168] XLA service 0x55c86fab86b0 initialized for platform Host (this does not guarantee that XLA will be used). Devices:
2020-04-04 00:03:51.660395: I tensorflow/compiler/xla/service/service.cc:176]   StreamExecutor device (0): Host, Default Version
WARNING:tensorflow:From /home/collins/.local/lib/python3.7/site-packages/tensorflow_core/python/compat/v2_compat.py:88: disable_resource_variables (from tensorflow.python.ops.variable_scope) is deprecated and will be removed in a future version.
Instructions for updating:
non-resource variables are not supported in the long term
WARNING:tensorflow:From /home/collins/Param_test/antennalLobe.py:255: to_int32 (from tensorflow.python.ops.math_ops) is deprecated and will be removed in a future version.
Instructions for updating:
Use `tf.cast` instead.
2020-04-04 00:09:05.311256: I tensorflow/core/platform/cpu_feature_guard.cc:142] Your CPU supports instructions that this TensorFlow binary was not compiled to use: AVX2 AVX512F FMA
2020-04-04 00:09:05.319934: I tensorflow/core/platform/profile_utils/cpu_utils.cc:94] CPU Frequency: 2900000000 Hz
2020-04-04 00:09:05.322253: I tensorflow/compiler/xla/service/service.cc:168] XLA service 0x559252fbb0d0 initialized for platform Host (this does not guarantee that XLA will be used). Devices:
2020-04-04 00:09:05.322298: I tensorflow/compiler/xla/service/service.cc:176]   StreamExecutor device (0): Host, Default Version
WARNING:tensorflow:From /home/collins/.local/lib/python3.7/site-packages/tensorflow_core/python/compat/v2_compat.py:88: disable_resource_variables (from tensorflow.python.ops.variable_scope) is deprecated and will be removed in a future version.
Instructions for updating:
non-resource variables are not supported in the long term
WARNING:tensorflow:From /home/collins/Param_test/antennalLobe.py:255: to_int32 (from tensorflow.python.ops.math_ops) is deprecated and will be removed in a future version.
Instructions for updating:
Use `tf.cast` instead.
2020-04-04 00:14:12.016374: I tensorflow/core/platform/cpu_feature_guard.cc:142] Your CPU supports instructions that this TensorFlow binary was not compiled to use: AVX2 AVX512F FMA
2020-04-04 00:14:12.025089: I tensorflow/core/platform/profile_utils/cpu_utils.cc:94] CPU Frequency: 2900000000 Hz
2020-04-04 00:14:12.027492: I tensorflow/compiler/xla/service/service.cc:168] XLA service 0x55d7f7cff1b0 initialized for platform Host (this does not guarantee that XLA will be used). Devices:
2020-04-04 00:14:12.027535: I tensorflow/compiler/xla/service/service.cc:176]   StreamExecutor device (0): Host, Default Version
WARNING:tensorflow:From /home/collins/.local/lib/python3.7/site-packages/tensorflow_core/python/compat/v2_compat.py:88: disable_resource_variables (from tensorflow.python.ops.variable_scope) is deprecated and will be removed in a future version.
Instructions for updating:
non-resource variables are not supported in the long term
WARNING:tensorflow:From /home/collins/Param_test/antennalLobe.py:255: to_int32 (from tensorflow.python.ops.math_ops) is deprecated and will be removed in a future version.
Instructions for updating:
Use `tf.cast` instead.
2020-04-04 00:19:23.370932: I tensorflow/core/platform/cpu_feature_guard.cc:142] Your CPU supports instructions that this TensorFlow binary was not compiled to use: AVX2 AVX512F FMA
2020-04-04 00:19:23.379777: I tensorflow/core/platform/profile_utils/cpu_utils.cc:94] CPU Frequency: 2900000000 Hz
2020-04-04 00:19:23.382170: I tensorflow/compiler/xla/service/service.cc:168] XLA service 0x559f05157430 initialized for platform Host (this does not guarantee that XLA will be used). Devices:
2020-04-04 00:19:23.382215: I tensorflow/compiler/xla/service/service.cc:176]   StreamExecutor device (0): Host, Default Version
WARNING:tensorflow:From /home/collins/.local/lib/python3.7/site-packages/tensorflow_core/python/compat/v2_compat.py:88: disable_resource_variables (from tensorflow.python.ops.variable_scope) is deprecated and will be removed in a future version.
Instructions for updating:
non-resource variables are not supported in the long term
WARNING:tensorflow:From /home/collins/Param_test/antennalLobe.py:255: to_int32 (from tensorflow.python.ops.math_ops) is deprecated and will be removed in a future version.
Instructions for updating:
Use `tf.cast` instead.
2020-04-04 00:24:33.732726: I tensorflow/core/platform/cpu_feature_guard.cc:142] Your CPU supports instructions that this TensorFlow binary was not compiled to use: AVX2 AVX512F FMA
2020-04-04 00:24:33.741657: I tensorflow/core/platform/profile_utils/cpu_utils.cc:94] CPU Frequency: 2900000000 Hz
2020-04-04 00:24:33.743934: I tensorflow/compiler/xla/service/service.cc:168] XLA service 0x55893b8f33b0 initialized for platform Host (this does not guarantee that XLA will be used). Devices:
2020-04-04 00:24:33.743979: I tensorflow/compiler/xla/service/service.cc:176]   StreamExecutor device (0): Host, Default Version
