
The following have been reloaded with a version change:
  1) python/3.6 => python/3.7

WARNING:tensorflow:From /home/collins/.local/lib/python3.7/site-packages/tensorflow_core/python/compat/v2_compat.py:88: disable_resource_variables (from tensorflow.python.ops.variable_scope) is deprecated and will be removed in a future version.
Instructions for updating:
non-resource variables are not supported in the long term
WARNING:tensorflow:From /home/collins/Param_test/antennalLobe.py:255: to_int32 (from tensorflow.python.ops.math_ops) is deprecated and will be removed in a future version.
Instructions for updating:
Use `tf.cast` instead.
2020-04-15 18:12:48.170970: I tensorflow/core/platform/cpu_feature_guard.cc:142] Your CPU supports instructions that this TensorFlow binary was not compiled to use: AVX2 AVX512F FMA
2020-04-15 18:12:48.181712: I tensorflow/core/platform/profile_utils/cpu_utils.cc:94] CPU Frequency: 2900000000 Hz
2020-04-15 18:12:48.183671: I tensorflow/compiler/xla/service/service.cc:168] XLA service 0x55ae564d84c0 initialized for platform Host (this does not guarantee that XLA will be used). Devices:
2020-04-15 18:12:48.183717: I tensorflow/compiler/xla/service/service.cc:176]   StreamExecutor device (0): Host, Default Version
WARNING:tensorflow:From /home/collins/.local/lib/python3.7/site-packages/tensorflow_core/python/compat/v2_compat.py:88: disable_resource_variables (from tensorflow.python.ops.variable_scope) is deprecated and will be removed in a future version.
Instructions for updating:
non-resource variables are not supported in the long term
WARNING:tensorflow:From /home/collins/Param_test/antennalLobe.py:255: to_int32 (from tensorflow.python.ops.math_ops) is deprecated and will be removed in a future version.
Instructions for updating:
Use `tf.cast` instead.
2020-04-15 18:17:37.754863: I tensorflow/core/platform/cpu_feature_guard.cc:142] Your CPU supports instructions that this TensorFlow binary was not compiled to use: AVX2 AVX512F FMA
2020-04-15 18:17:37.764151: I tensorflow/core/platform/profile_utils/cpu_utils.cc:94] CPU Frequency: 2900000000 Hz
2020-04-15 18:17:37.766946: I tensorflow/compiler/xla/service/service.cc:168] XLA service 0x5576c8280fd0 initialized for platform Host (this does not guarantee that XLA will be used). Devices:
2020-04-15 18:17:37.766991: I tensorflow/compiler/xla/service/service.cc:176]   StreamExecutor device (0): Host, Default Version
WARNING:tensorflow:From /home/collins/.local/lib/python3.7/site-packages/tensorflow_core/python/compat/v2_compat.py:88: disable_resource_variables (from tensorflow.python.ops.variable_scope) is deprecated and will be removed in a future version.
Instructions for updating:
non-resource variables are not supported in the long term
WARNING:tensorflow:From /home/collins/Param_test/antennalLobe.py:255: to_int32 (from tensorflow.python.ops.math_ops) is deprecated and will be removed in a future version.
Instructions for updating:
Use `tf.cast` instead.
2020-04-15 18:22:32.322347: I tensorflow/core/platform/cpu_feature_guard.cc:142] Your CPU supports instructions that this TensorFlow binary was not compiled to use: AVX2 AVX512F FMA
2020-04-15 18:22:32.332060: I tensorflow/core/platform/profile_utils/cpu_utils.cc:94] CPU Frequency: 2900000000 Hz
2020-04-15 18:22:32.334366: I tensorflow/compiler/xla/service/service.cc:168] XLA service 0x5641fbd65cc0 initialized for platform Host (this does not guarantee that XLA will be used). Devices:
2020-04-15 18:22:32.334413: I tensorflow/compiler/xla/service/service.cc:176]   StreamExecutor device (0): Host, Default Version
WARNING:tensorflow:From /home/collins/.local/lib/python3.7/site-packages/tensorflow_core/python/compat/v2_compat.py:88: disable_resource_variables (from tensorflow.python.ops.variable_scope) is deprecated and will be removed in a future version.
Instructions for updating:
non-resource variables are not supported in the long term
WARNING:tensorflow:From /home/collins/Param_test/antennalLobe.py:255: to_int32 (from tensorflow.python.ops.math_ops) is deprecated and will be removed in a future version.
Instructions for updating:
Use `tf.cast` instead.
2020-04-15 18:27:26.025142: I tensorflow/core/platform/cpu_feature_guard.cc:142] Your CPU supports instructions that this TensorFlow binary was not compiled to use: AVX2 AVX512F FMA
2020-04-15 18:27:26.033002: I tensorflow/core/platform/profile_utils/cpu_utils.cc:94] CPU Frequency: 2900000000 Hz
2020-04-15 18:27:26.035307: I tensorflow/compiler/xla/service/service.cc:168] XLA service 0x55b4fa650690 initialized for platform Host (this does not guarantee that XLA will be used). Devices:
2020-04-15 18:27:26.035354: I tensorflow/compiler/xla/service/service.cc:176]   StreamExecutor device (0): Host, Default Version
WARNING:tensorflow:From /home/collins/.local/lib/python3.7/site-packages/tensorflow_core/python/compat/v2_compat.py:88: disable_resource_variables (from tensorflow.python.ops.variable_scope) is deprecated and will be removed in a future version.
Instructions for updating:
non-resource variables are not supported in the long term
WARNING:tensorflow:From /home/collins/Param_test/antennalLobe.py:255: to_int32 (from tensorflow.python.ops.math_ops) is deprecated and will be removed in a future version.
Instructions for updating:
Use `tf.cast` instead.
2020-04-15 18:32:25.312364: I tensorflow/core/platform/cpu_feature_guard.cc:142] Your CPU supports instructions that this TensorFlow binary was not compiled to use: AVX2 AVX512F FMA
2020-04-15 18:32:25.322472: I tensorflow/core/platform/profile_utils/cpu_utils.cc:94] CPU Frequency: 2900000000 Hz
2020-04-15 18:32:25.324852: I tensorflow/compiler/xla/service/service.cc:168] XLA service 0x560d1002d530 initialized for platform Host (this does not guarantee that XLA will be used). Devices:
2020-04-15 18:32:25.324897: I tensorflow/compiler/xla/service/service.cc:176]   StreamExecutor device (0): Host, Default Version
WARNING:tensorflow:From /home/collins/.local/lib/python3.7/site-packages/tensorflow_core/python/compat/v2_compat.py:88: disable_resource_variables (from tensorflow.python.ops.variable_scope) is deprecated and will be removed in a future version.
Instructions for updating:
non-resource variables are not supported in the long term
WARNING:tensorflow:From /home/collins/Param_test/antennalLobe.py:255: to_int32 (from tensorflow.python.ops.math_ops) is deprecated and will be removed in a future version.
Instructions for updating:
Use `tf.cast` instead.
2020-04-15 18:37:31.446814: I tensorflow/core/platform/cpu_feature_guard.cc:142] Your CPU supports instructions that this TensorFlow binary was not compiled to use: AVX2 AVX512F FMA
2020-04-15 18:37:31.456825: I tensorflow/core/platform/profile_utils/cpu_utils.cc:94] CPU Frequency: 2900000000 Hz
2020-04-15 18:37:31.459613: I tensorflow/compiler/xla/service/service.cc:168] XLA service 0x5650610a5160 initialized for platform Host (this does not guarantee that XLA will be used). Devices:
2020-04-15 18:37:31.459659: I tensorflow/compiler/xla/service/service.cc:176]   StreamExecutor device (0): Host, Default Version
