
The following have been reloaded with a version change:
  1) python/3.6 => python/3.7

WARNING:tensorflow:From /home/collins/.local/lib/python3.7/site-packages/tensorflow_core/python/compat/v2_compat.py:88: disable_resource_variables (from tensorflow.python.ops.variable_scope) is deprecated and will be removed in a future version.
Instructions for updating:
non-resource variables are not supported in the long term
WARNING:tensorflow:From /home/collins/Param_test/antennalLobe.py:255: to_int32 (from tensorflow.python.ops.math_ops) is deprecated and will be removed in a future version.
Instructions for updating:
Use `tf.cast` instead.
2020-03-31 12:46:51.799279: I tensorflow/core/platform/cpu_feature_guard.cc:142] Your CPU supports instructions that this TensorFlow binary was not compiled to use: AVX2 AVX512F FMA
2020-03-31 12:46:51.806587: I tensorflow/core/platform/profile_utils/cpu_utils.cc:94] CPU Frequency: 2900000000 Hz
2020-03-31 12:46:51.808748: I tensorflow/compiler/xla/service/service.cc:168] XLA service 0x555e7d916640 initialized for platform Host (this does not guarantee that XLA will be used). Devices:
2020-03-31 12:46:51.808785: I tensorflow/compiler/xla/service/service.cc:176]   StreamExecutor device (0): Host, Default Version
WARNING:tensorflow:From /home/collins/.local/lib/python3.7/site-packages/tensorflow_core/python/compat/v2_compat.py:88: disable_resource_variables (from tensorflow.python.ops.variable_scope) is deprecated and will be removed in a future version.
Instructions for updating:
non-resource variables are not supported in the long term
WARNING:tensorflow:From /home/collins/Param_test/antennalLobe.py:255: to_int32 (from tensorflow.python.ops.math_ops) is deprecated and will be removed in a future version.
Instructions for updating:
Use `tf.cast` instead.
2020-03-31 12:51:29.041936: I tensorflow/core/platform/cpu_feature_guard.cc:142] Your CPU supports instructions that this TensorFlow binary was not compiled to use: AVX2 AVX512F FMA
2020-03-31 12:51:29.049193: I tensorflow/core/platform/profile_utils/cpu_utils.cc:94] CPU Frequency: 2900000000 Hz
2020-03-31 12:51:29.051329: I tensorflow/compiler/xla/service/service.cc:168] XLA service 0x5643b62e8110 initialized for platform Host (this does not guarantee that XLA will be used). Devices:
2020-03-31 12:51:29.051368: I tensorflow/compiler/xla/service/service.cc:176]   StreamExecutor device (0): Host, Default Version
WARNING:tensorflow:From /home/collins/.local/lib/python3.7/site-packages/tensorflow_core/python/compat/v2_compat.py:88: disable_resource_variables (from tensorflow.python.ops.variable_scope) is deprecated and will be removed in a future version.
Instructions for updating:
non-resource variables are not supported in the long term
WARNING:tensorflow:From /home/collins/Param_test/antennalLobe.py:255: to_int32 (from tensorflow.python.ops.math_ops) is deprecated and will be removed in a future version.
Instructions for updating:
Use `tf.cast` instead.
2020-03-31 12:56:00.705807: I tensorflow/core/platform/cpu_feature_guard.cc:142] Your CPU supports instructions that this TensorFlow binary was not compiled to use: AVX2 AVX512F FMA
2020-03-31 12:56:00.713032: I tensorflow/core/platform/profile_utils/cpu_utils.cc:94] CPU Frequency: 2900000000 Hz
2020-03-31 12:56:00.715195: I tensorflow/compiler/xla/service/service.cc:168] XLA service 0x55ffafefa9a0 initialized for platform Host (this does not guarantee that XLA will be used). Devices:
2020-03-31 12:56:00.715233: I tensorflow/compiler/xla/service/service.cc:176]   StreamExecutor device (0): Host, Default Version
WARNING:tensorflow:From /home/collins/.local/lib/python3.7/site-packages/tensorflow_core/python/compat/v2_compat.py:88: disable_resource_variables (from tensorflow.python.ops.variable_scope) is deprecated and will be removed in a future version.
Instructions for updating:
non-resource variables are not supported in the long term
WARNING:tensorflow:From /home/collins/Param_test/antennalLobe.py:255: to_int32 (from tensorflow.python.ops.math_ops) is deprecated and will be removed in a future version.
Instructions for updating:
Use `tf.cast` instead.
2020-03-31 13:00:46.873305: I tensorflow/core/platform/cpu_feature_guard.cc:142] Your CPU supports instructions that this TensorFlow binary was not compiled to use: AVX2 AVX512F FMA
2020-03-31 13:00:46.883251: I tensorflow/core/platform/profile_utils/cpu_utils.cc:94] CPU Frequency: 2900000000 Hz
2020-03-31 13:00:46.885804: I tensorflow/compiler/xla/service/service.cc:168] XLA service 0x55dc115dd9c0 initialized for platform Host (this does not guarantee that XLA will be used). Devices:
2020-03-31 13:00:46.885842: I tensorflow/compiler/xla/service/service.cc:176]   StreamExecutor device (0): Host, Default Version
WARNING:tensorflow:From /home/collins/.local/lib/python3.7/site-packages/tensorflow_core/python/compat/v2_compat.py:88: disable_resource_variables (from tensorflow.python.ops.variable_scope) is deprecated and will be removed in a future version.
Instructions for updating:
non-resource variables are not supported in the long term
WARNING:tensorflow:From /home/collins/Param_test/antennalLobe.py:255: to_int32 (from tensorflow.python.ops.math_ops) is deprecated and will be removed in a future version.
Instructions for updating:
Use `tf.cast` instead.
2020-03-31 13:05:58.007734: I tensorflow/core/platform/cpu_feature_guard.cc:142] Your CPU supports instructions that this TensorFlow binary was not compiled to use: AVX2 AVX512F FMA
2020-03-31 13:05:58.016417: I tensorflow/core/platform/profile_utils/cpu_utils.cc:94] CPU Frequency: 2900000000 Hz
2020-03-31 13:05:58.018606: I tensorflow/compiler/xla/service/service.cc:168] XLA service 0x55ccc4e5e460 initialized for platform Host (this does not guarantee that XLA will be used). Devices:
2020-03-31 13:05:58.018644: I tensorflow/compiler/xla/service/service.cc:176]   StreamExecutor device (0): Host, Default Version
WARNING:tensorflow:From /home/collins/.local/lib/python3.7/site-packages/tensorflow_core/python/compat/v2_compat.py:88: disable_resource_variables (from tensorflow.python.ops.variable_scope) is deprecated and will be removed in a future version.
Instructions for updating:
non-resource variables are not supported in the long term
WARNING:tensorflow:From /home/collins/Param_test/antennalLobe.py:255: to_int32 (from tensorflow.python.ops.math_ops) is deprecated and will be removed in a future version.
Instructions for updating:
Use `tf.cast` instead.
2020-03-31 13:10:44.076330: I tensorflow/core/platform/cpu_feature_guard.cc:142] Your CPU supports instructions that this TensorFlow binary was not compiled to use: AVX2 AVX512F FMA
2020-03-31 13:10:44.085371: I tensorflow/core/platform/profile_utils/cpu_utils.cc:94] CPU Frequency: 2900000000 Hz
2020-03-31 13:10:44.087533: I tensorflow/compiler/xla/service/service.cc:168] XLA service 0x5610ec160040 initialized for platform Host (this does not guarantee that XLA will be used). Devices:
2020-03-31 13:10:44.087569: I tensorflow/compiler/xla/service/service.cc:176]   StreamExecutor device (0): Host, Default Version
