WARNING:tensorflow:From /home/collins/.local/lib/python3.7/site-packages/tensorflow_core/python/compat/v2_compat.py:88: disable_resource_variables (from tensorflow.python.ops.variable_scope) is deprecated and will be removed in a future version.
Instructions for updating:
non-resource variables are not supported in the long term
WARNING:tensorflow:From /home/collins/Param_test/antennalLobe.py:255: to_int32 (from tensorflow.python.ops.math_ops) is deprecated and will be removed in a future version.
Instructions for updating:
Use `tf.cast` instead.
2020-03-24 17:19:47.253671: I tensorflow/core/platform/cpu_feature_guard.cc:142] Your CPU supports instructions that this TensorFlow binary was not compiled to use: AVX2 AVX512F FMA
2020-03-24 17:19:47.262820: I tensorflow/core/platform/profile_utils/cpu_utils.cc:94] CPU Frequency: 2900000000 Hz
2020-03-24 17:19:47.265391: I tensorflow/compiler/xla/service/service.cc:168] XLA service 0x5586b86f2820 initialized for platform Host (this does not guarantee that XLA will be used). Devices:
2020-03-24 17:19:47.265428: I tensorflow/compiler/xla/service/service.cc:176]   StreamExecutor device (0): Host, Default Version
WARNING:tensorflow:From /home/collins/.local/lib/python3.7/site-packages/tensorflow_core/python/compat/v2_compat.py:88: disable_resource_variables (from tensorflow.python.ops.variable_scope) is deprecated and will be removed in a future version.
Instructions for updating:
non-resource variables are not supported in the long term
WARNING:tensorflow:From /home/collins/Param_test/antennalLobe.py:255: to_int32 (from tensorflow.python.ops.math_ops) is deprecated and will be removed in a future version.
Instructions for updating:
Use `tf.cast` instead.
2020-03-24 17:24:09.439187: I tensorflow/core/platform/cpu_feature_guard.cc:142] Your CPU supports instructions that this TensorFlow binary was not compiled to use: AVX2 AVX512F FMA
2020-03-24 17:24:09.446886: I tensorflow/core/platform/profile_utils/cpu_utils.cc:94] CPU Frequency: 2900000000 Hz
2020-03-24 17:24:09.449415: I tensorflow/compiler/xla/service/service.cc:168] XLA service 0x5609dfb7cee0 initialized for platform Host (this does not guarantee that XLA will be used). Devices:
2020-03-24 17:24:09.449453: I tensorflow/compiler/xla/service/service.cc:176]   StreamExecutor device (0): Host, Default Version
WARNING:tensorflow:From /home/collins/.local/lib/python3.7/site-packages/tensorflow_core/python/compat/v2_compat.py:88: disable_resource_variables (from tensorflow.python.ops.variable_scope) is deprecated and will be removed in a future version.
Instructions for updating:
non-resource variables are not supported in the long term
WARNING:tensorflow:From /home/collins/Param_test/antennalLobe.py:255: to_int32 (from tensorflow.python.ops.math_ops) is deprecated and will be removed in a future version.
Instructions for updating:
Use `tf.cast` instead.
2020-03-24 17:28:41.031072: I tensorflow/core/platform/cpu_feature_guard.cc:142] Your CPU supports instructions that this TensorFlow binary was not compiled to use: AVX2 AVX512F FMA
2020-03-24 17:28:41.039231: I tensorflow/core/platform/profile_utils/cpu_utils.cc:94] CPU Frequency: 2900000000 Hz
2020-03-24 17:28:41.041430: I tensorflow/compiler/xla/service/service.cc:168] XLA service 0x55b94e6f5a30 initialized for platform Host (this does not guarantee that XLA will be used). Devices:
2020-03-24 17:28:41.041469: I tensorflow/compiler/xla/service/service.cc:176]   StreamExecutor device (0): Host, Default Version
WARNING:tensorflow:From /home/collins/.local/lib/python3.7/site-packages/tensorflow_core/python/compat/v2_compat.py:88: disable_resource_variables (from tensorflow.python.ops.variable_scope) is deprecated and will be removed in a future version.
Instructions for updating:
non-resource variables are not supported in the long term
WARNING:tensorflow:From /home/collins/Param_test/antennalLobe.py:255: to_int32 (from tensorflow.python.ops.math_ops) is deprecated and will be removed in a future version.
Instructions for updating:
Use `tf.cast` instead.
2020-03-24 17:33:41.889059: I tensorflow/core/platform/cpu_feature_guard.cc:142] Your CPU supports instructions that this TensorFlow binary was not compiled to use: AVX2 AVX512F FMA
2020-03-24 17:33:41.895829: I tensorflow/core/platform/profile_utils/cpu_utils.cc:94] CPU Frequency: 2900000000 Hz
2020-03-24 17:33:41.897986: I tensorflow/compiler/xla/service/service.cc:168] XLA service 0x55b855d3e020 initialized for platform Host (this does not guarantee that XLA will be used). Devices:
2020-03-24 17:33:41.898026: I tensorflow/compiler/xla/service/service.cc:176]   StreamExecutor device (0): Host, Default Version
WARNING:tensorflow:From /home/collins/.local/lib/python3.7/site-packages/tensorflow_core/python/compat/v2_compat.py:88: disable_resource_variables (from tensorflow.python.ops.variable_scope) is deprecated and will be removed in a future version.
Instructions for updating:
non-resource variables are not supported in the long term
WARNING:tensorflow:From /home/collins/Param_test/antennalLobe.py:255: to_int32 (from tensorflow.python.ops.math_ops) is deprecated and will be removed in a future version.
Instructions for updating:
Use `tf.cast` instead.
2020-03-24 17:38:10.268927: I tensorflow/core/platform/cpu_feature_guard.cc:142] Your CPU supports instructions that this TensorFlow binary was not compiled to use: AVX2 AVX512F FMA
2020-03-24 17:38:10.276953: I tensorflow/core/platform/profile_utils/cpu_utils.cc:94] CPU Frequency: 2900000000 Hz
2020-03-24 17:38:10.279118: I tensorflow/compiler/xla/service/service.cc:168] XLA service 0x55cca56a0ae0 initialized for platform Host (this does not guarantee that XLA will be used). Devices:
2020-03-24 17:38:10.279157: I tensorflow/compiler/xla/service/service.cc:176]   StreamExecutor device (0): Host, Default Version
WARNING:tensorflow:From /home/collins/.local/lib/python3.7/site-packages/tensorflow_core/python/compat/v2_compat.py:88: disable_resource_variables (from tensorflow.python.ops.variable_scope) is deprecated and will be removed in a future version.
Instructions for updating:
non-resource variables are not supported in the long term
WARNING:tensorflow:From /home/collins/Param_test/antennalLobe.py:255: to_int32 (from tensorflow.python.ops.math_ops) is deprecated and will be removed in a future version.
Instructions for updating:
Use `tf.cast` instead.
2020-03-24 17:43:29.089044: I tensorflow/core/platform/cpu_feature_guard.cc:142] Your CPU supports instructions that this TensorFlow binary was not compiled to use: AVX2 AVX512F FMA
2020-03-24 17:43:29.096639: I tensorflow/core/platform/profile_utils/cpu_utils.cc:94] CPU Frequency: 2900000000 Hz
2020-03-24 17:43:29.099154: I tensorflow/compiler/xla/service/service.cc:168] XLA service 0x564e51a5f0d0 initialized for platform Host (this does not guarantee that XLA will be used). Devices:
2020-03-24 17:43:29.099191: I tensorflow/compiler/xla/service/service.cc:176]   StreamExecutor device (0): Host, Default Version
Traceback (most recent call last):
  File "/home/collins/Param_test/antennalLobe.py", line 415, in <module>
    np.save(sys.argv[5]+"/batch"+str(int(sys.argv[1])+1)+"_part_"+str(n+1),state[:,:120])
  File "<__array_function__ internals>", line 6, in save
  File "/home/collins/.local/lib/python3.7/site-packages/numpy/lib/npyio.py", line 541, in save
    fid = open(file, "wb")
FileNotFoundError: [Errno 2] No such file or directory: '/home/collins/Simulation_Data/Sweep_EIB_GABAALNPN_3.0/OdorC_High_Dur_6000_OdorDur_1000_Locust_A_2/batch6_part_1.npy'
Traceback (most recent call last):
  File "/home/collins/Param_test/initExperiment.py", line 53, in <module>
    os.remove(folder+'/state_vector.npy')
FileNotFoundError: [Errno 2] No such file or directory: '/home/collins/Simulation_Data/Sweep_EIB_GABAALNPN_3.0/OdorC_High_Dur_6000_OdorDur_1000_Locust_A_2/state_vector.npy'
