WARNING:tensorflow:From /home/collins/.local/lib/python3.7/site-packages/tensorflow_core/python/compat/v2_compat.py:88: disable_resource_variables (from tensorflow.python.ops.variable_scope) is deprecated and will be removed in a future version.
Instructions for updating:
non-resource variables are not supported in the long term
WARNING:tensorflow:From /home/collins/Param_test/antennalLobe.py:255: to_int32 (from tensorflow.python.ops.math_ops) is deprecated and will be removed in a future version.
Instructions for updating:
Use `tf.cast` instead.
2020-03-14 04:56:16.158567: I tensorflow/core/platform/cpu_feature_guard.cc:142] Your CPU supports instructions that this TensorFlow binary was not compiled to use: AVX2 AVX512F FMA
2020-03-14 04:56:16.166159: I tensorflow/core/platform/profile_utils/cpu_utils.cc:94] CPU Frequency: 2900000000 Hz
2020-03-14 04:56:16.168314: I tensorflow/compiler/xla/service/service.cc:168] XLA service 0x5594bae72600 initialized for platform Host (this does not guarantee that XLA will be used). Devices:
2020-03-14 04:56:16.168351: I tensorflow/compiler/xla/service/service.cc:176]   StreamExecutor device (0): Host, Default Version
WARNING:tensorflow:From /home/collins/.local/lib/python3.7/site-packages/tensorflow_core/python/compat/v2_compat.py:88: disable_resource_variables (from tensorflow.python.ops.variable_scope) is deprecated and will be removed in a future version.
Instructions for updating:
non-resource variables are not supported in the long term
WARNING:tensorflow:From /home/collins/Param_test/antennalLobe.py:255: to_int32 (from tensorflow.python.ops.math_ops) is deprecated and will be removed in a future version.
Instructions for updating:
Use `tf.cast` instead.
2020-03-14 05:00:20.220301: I tensorflow/core/platform/cpu_feature_guard.cc:142] Your CPU supports instructions that this TensorFlow binary was not compiled to use: AVX2 AVX512F FMA
2020-03-14 05:00:20.227886: I tensorflow/core/platform/profile_utils/cpu_utils.cc:94] CPU Frequency: 2900000000 Hz
2020-03-14 05:00:20.229666: I tensorflow/compiler/xla/service/service.cc:168] XLA service 0x55902d37e6b0 initialized for platform Host (this does not guarantee that XLA will be used). Devices:
2020-03-14 05:00:20.229704: I tensorflow/compiler/xla/service/service.cc:176]   StreamExecutor device (0): Host, Default Version
WARNING:tensorflow:From /home/collins/.local/lib/python3.7/site-packages/tensorflow_core/python/compat/v2_compat.py:88: disable_resource_variables (from tensorflow.python.ops.variable_scope) is deprecated and will be removed in a future version.
Instructions for updating:
non-resource variables are not supported in the long term
WARNING:tensorflow:From /home/collins/Param_test/antennalLobe.py:255: to_int32 (from tensorflow.python.ops.math_ops) is deprecated and will be removed in a future version.
Instructions for updating:
Use `tf.cast` instead.
2020-03-14 05:04:51.351759: I tensorflow/core/platform/cpu_feature_guard.cc:142] Your CPU supports instructions that this TensorFlow binary was not compiled to use: AVX2 AVX512F FMA
2020-03-14 05:04:51.359754: I tensorflow/core/platform/profile_utils/cpu_utils.cc:94] CPU Frequency: 2900000000 Hz
2020-03-14 05:04:51.361905: I tensorflow/compiler/xla/service/service.cc:168] XLA service 0x55a654636e30 initialized for platform Host (this does not guarantee that XLA will be used). Devices:
2020-03-14 05:04:51.361942: I tensorflow/compiler/xla/service/service.cc:176]   StreamExecutor device (0): Host, Default Version
WARNING:tensorflow:From /home/collins/.local/lib/python3.7/site-packages/tensorflow_core/python/compat/v2_compat.py:88: disable_resource_variables (from tensorflow.python.ops.variable_scope) is deprecated and will be removed in a future version.
Instructions for updating:
non-resource variables are not supported in the long term
WARNING:tensorflow:From /home/collins/Param_test/antennalLobe.py:255: to_int32 (from tensorflow.python.ops.math_ops) is deprecated and will be removed in a future version.
Instructions for updating:
Use `tf.cast` instead.
2020-03-14 05:09:15.663411: I tensorflow/core/platform/cpu_feature_guard.cc:142] Your CPU supports instructions that this TensorFlow binary was not compiled to use: AVX2 AVX512F FMA
2020-03-14 05:09:15.672632: I tensorflow/core/platform/profile_utils/cpu_utils.cc:94] CPU Frequency: 2900000000 Hz
2020-03-14 05:09:15.674812: I tensorflow/compiler/xla/service/service.cc:168] XLA service 0x55e83f8ac6b0 initialized for platform Host (this does not guarantee that XLA will be used). Devices:
2020-03-14 05:09:15.674850: I tensorflow/compiler/xla/service/service.cc:176]   StreamExecutor device (0): Host, Default Version
WARNING:tensorflow:From /home/collins/.local/lib/python3.7/site-packages/tensorflow_core/python/compat/v2_compat.py:88: disable_resource_variables (from tensorflow.python.ops.variable_scope) is deprecated and will be removed in a future version.
Instructions for updating:
non-resource variables are not supported in the long term
WARNING:tensorflow:From /home/collins/Param_test/antennalLobe.py:255: to_int32 (from tensorflow.python.ops.math_ops) is deprecated and will be removed in a future version.
Instructions for updating:
Use `tf.cast` instead.
2020-03-14 05:13:58.756441: I tensorflow/core/platform/cpu_feature_guard.cc:142] Your CPU supports instructions that this TensorFlow binary was not compiled to use: AVX2 AVX512F FMA
2020-03-14 05:13:58.766159: I tensorflow/core/platform/profile_utils/cpu_utils.cc:94] CPU Frequency: 2900000000 Hz
2020-03-14 05:13:58.768418: I tensorflow/compiler/xla/service/service.cc:168] XLA service 0x557d01fb5ec0 initialized for platform Host (this does not guarantee that XLA will be used). Devices:
2020-03-14 05:13:58.768454: I tensorflow/compiler/xla/service/service.cc:176]   StreamExecutor device (0): Host, Default Version
WARNING:tensorflow:From /home/collins/.local/lib/python3.7/site-packages/tensorflow_core/python/compat/v2_compat.py:88: disable_resource_variables (from tensorflow.python.ops.variable_scope) is deprecated and will be removed in a future version.
Instructions for updating:
non-resource variables are not supported in the long term
WARNING:tensorflow:From /home/collins/Param_test/antennalLobe.py:255: to_int32 (from tensorflow.python.ops.math_ops) is deprecated and will be removed in a future version.
Instructions for updating:
Use `tf.cast` instead.
2020-03-14 05:18:22.649958: I tensorflow/core/platform/cpu_feature_guard.cc:142] Your CPU supports instructions that this TensorFlow binary was not compiled to use: AVX2 AVX512F FMA
2020-03-14 05:18:22.659342: I tensorflow/core/platform/profile_utils/cpu_utils.cc:94] CPU Frequency: 2900000000 Hz
2020-03-14 05:18:22.661598: I tensorflow/compiler/xla/service/service.cc:168] XLA service 0x560d2d88bd00 initialized for platform Host (this does not guarantee that XLA will be used). Devices:
2020-03-14 05:18:22.661639: I tensorflow/compiler/xla/service/service.cc:176]   StreamExecutor device (0): Host, Default Version
Traceback (most recent call last):
  File "/home/collins/Param_test/clean.py", line 16, in <module>
    overall_state.append(np.load(i+j)[:,:120])
  File "/home/collins/.local/lib/python3.7/site-packages/numpy/lib/npyio.py", line 428, in load
    fid = open(os_fspath(file), "rb")
FileNotFoundError: [Errno 2] No such file or directory: '/home/collins/Simulation_Data/Sweep_EIB_GABAALNPN_0.25/OdorA_High_Dur_6000_OdorDur_1000_Locust_B_2/batch1_part_1.npy'
